<?xml version="1.0" encoding="UTF-8"?>
<coverage generated="1643650657065" clover="3.2.0">
  <project timestamp="1643650657065" name="All files">
    <metrics statements="14" coveredstatements="13" conditionals="0" coveredconditionals="0" methods="1" coveredmethods="0" elements="15" coveredelements="13" complexity="0" loc="14" ncloc="14" packages="1" files="2" classes="2"/>
    <file name="app.ts" path="/home/christian/Projects/church-search/src/app.ts">
      <metrics statements="13" coveredstatements="12" conditionals="0" coveredconditionals="0" methods="1" coveredmethods="0"/>
      <line num="12" count="4" type="stmt"/>
      <line num="14" count="4" type="stmt"/>
      <line num="17" count="4" type="stmt"/>
      <line num="18" count="4" type="stmt"/>
      <line num="19" count="4" type="stmt"/>
      <line num="20" count="4" type="stmt"/>
      <line num="21" count="4" type="stmt"/>
      <line num="24" count="4" type="stmt"/>
      <line num="25" count="4" type="stmt"/>
      <line num="26" count="4" type="stmt"/>
      <line num="29" count="4" type="stmt"/>
      <line num="32" count="4" type="stmt"/>
      <line num="33" count="0" type="stmt"/>
    </file>
    <file name="client.ts" path="/home/christian/Projects/church-search/src/client.ts">
      <metrics statements="1" coveredstatements="1" conditionals="0" coveredconditionals="0" methods="0" coveredmethods="0"/>
      <line num="2" count="4" type="stmt"/>
    </file>
  </project>
</coverage>
