{"/home/christian/Projects/church-search/src/app.ts": {"path":"/home/christian/Projects/church-search/src/app.ts","statementMap":{"0":{"start":{"line":12,"column":0},"end":{"line":12,"column":16}},"1":{"start":{"line":14,"column":25},"end":{"line":14,"column":34}},"2":{"start":{"line":17,"column":0},"end":{"line":17,"column":23}},"3":{"start":{"line":18,"column":0},"end":{"line":18,"column":24}},"4":{"start":{"line":19,"column":0},"end":{"line":19,"column":48}},"5":{"start":{"line":20,"column":0},"end":{"line":20,"column":24}},"6":{"start":{"line":21,"column":0},"end":{"line":21,"column":21}},"7":{"start":{"line":24,"column":0},"end":{"line":24,"column":29}},"8":{"start":{"line":25,"column":0},"end":{"line":25,"column":30}},"9":{"start":{"line":26,"column":0},"end":{"line":26,"column":29}},"10":{"start":{"line":29,"column":0},"end":{"line":29,"column":22}},"11":{"start":{"line":32,"column":0},"end":{"line":34,"column":3}},"12":{"start":{"line":33,"column":4},"end":{"line":33,"column":45}}},"fnMap":{"0":{"name":"(anonymous_0)","decl":{"start":{"line":32,"column":8},"end":{"line":32,"column":9}},"loc":{"start":{"line":32,"column":58},"end":{"line":34,"column":1}},"line":32}},"branchMap":{},"s":{"0":1,"1":1,"2":1,"3":1,"4":1,"5":1,"6":1,"7":1,"8":1,"9":1,"10":1,"11":1,"12":0},"f":{"0":0},"b":{},"_coverageSchema":"1a1c01bbd47fc00a2c39e90264f33305004495a9","hash":"4aa6d36e60893b7819ce03ae70d18ee5a65b9b7b"}
,"/home/christian/Projects/church-search/src/client.ts": {"path":"/home/christian/Projects/church-search/src/client.ts","statementMap":{"0":{"start":{"line":2,"column":15},"end":{"line":2,"column":33}}},"fnMap":{},"branchMap":{},"s":{"0":1},"f":{},"b":{},"_coverageSchema":"1a1c01bbd47fc00a2c39e90264f33305004495a9","hash":"a27f794773ae60ef08e3970e93823d91f8d8c15d"}
,"/home/christian/Projects/church-search/src/controllers/auth-controller.ts": {"path":"/home/christian/Projects/church-search/src/controllers/auth-controller.ts","statementMap":{"0":{"start":{"line":16,"column":27},"end":{"line":35,"column":1}},"1":{"start":{"line":17,"column":4},"end":{"line":34,"column":5}},"2":{"start":{"line":18,"column":36},"end":{"line":18,"column":63}},"3":{"start":{"line":19,"column":8},"end":{"line":20,"column":94}},"4":{"start":{"line":20,"column":12},"end":{"line":20,"column":94}},"5":{"start":{"line":22,"column":47},"end":{"line":22,"column":100}},"6":{"start":{"line":23,"column":8},"end":{"line":23,"column":72}},"7":{"start":{"line":25,"column":8},"end":{"line":25,"column":45}},"8":{"start":{"line":27,"column":8},"end":{"line":33,"column":9}},"9":{"start":{"line":28,"column":12},"end":{"line":28,"column":70}},"10":{"start":{"line":29,"column":15},"end":{"line":33,"column":9}},"11":{"start":{"line":30,"column":12},"end":{"line":30,"column":79}},"12":{"start":{"line":31,"column":15},"end":{"line":33,"column":9}},"13":{"start":{"line":32,"column":12},"end":{"line":32,"column":77}},"14":{"start":{"line":37,"column":15},"end":{"line":48,"column":1}},"15":{"start":{"line":38,"column":19},"end":{"line":38,"column":46}},"16":{"start":{"line":39,"column":32},"end":{"line":41,"column":6}},"17":{"start":{"line":43,"column":4},"end":{"line":44,"column":57}},"18":{"start":{"line":44,"column":8},"end":{"line":44,"column":57}},"19":{"start":{"line":46,"column":4},"end":{"line":46,"column":36}},"20":{"start":{"line":47,"column":4},"end":{"line":47,"column":27}},"21":{"start":{"line":50,"column":14},"end":{"line":70,"column":1}},"22":{"start":{"line":51,"column":32},"end":{"line":51,"column":40}},"23":{"start":{"line":52,"column":17},"end":{"line":54,"column":6}},"24":{"start":{"line":56,"column":4},"end":{"line":67,"column":5}},"25":{"start":{"line":57,"column":8},"end":{"line":66,"column":9}},"26":{"start":{"line":58,"column":48},"end":{"line":61,"column":13}},"27":{"start":{"line":63,"column":12},"end":{"line":63,"column":79}},"28":{"start":{"line":64,"column":12},"end":{"line":64,"column":50}},"29":{"start":{"line":65,"column":12},"end":{"line":65,"column":19}},"30":{"start":{"line":69,"column":4},"end":{"line":69,"column":87}},"31":{"start":{"line":74,"column":29},"end":{"line":85,"column":1}},"32":{"start":{"line":75,"column":4},"end":{"line":76,"column":44}},"33":{"start":{"line":76,"column":8},"end":{"line":76,"column":44}},"34":{"start":{"line":78,"column":18},"end":{"line":82,"column":5}},"35":{"start":{"line":84,"column":4},"end":{"line":84,"column":17}},"36":{"start":{"line":87,"column":30},"end":{"line":116,"column":1}},"37":{"start":{"line":89,"column":16},"end":{"line":89,"column":26}},"38":{"start":{"line":90,"column":18},"end":{"line":90,"column":59}},"39":{"start":{"line":92,"column":27},"end":{"line":92,"column":37}},"40":{"start":{"line":93,"column":4},"end":{"line":93,"column":57}},"41":{"start":{"line":95,"column":28},"end":{"line":103,"column":6}},"42":{"start":{"line":104,"column":4},"end":{"line":113,"column":5}},"43":{"start":{"line":105,"column":8},"end":{"line":112,"column":11}},"44":{"start":{"line":115,"column":4},"end":{"line":115,"column":27}},"45":{"start":{"line":120,"column":27},"end":{"line":162,"column":1}},"46":{"start":{"line":121,"column":16},"end":{"line":121,"column":26}},"47":{"start":{"line":124,"column":17},"end":{"line":136,"column":6}},"48":{"start":{"line":139,"column":4},"end":{"line":140,"column":38}},"49":{"start":{"line":140,"column":8},"end":{"line":140,"column":38}},"50":{"start":{"line":142,"column":25},"end":{"line":142,"column":45}},"51":{"start":{"line":146,"column":4},"end":{"line":149,"column":5}},"52":{"start":{"line":147,"column":8},"end":{"line":147,"column":77}},"53":{"start":{"line":148,"column":8},"end":{"line":148,"column":38}},"54":{"start":{"line":153,"column":4},"end":{"line":155,"column":5}},"55":{"start":{"line":154,"column":8},"end":{"line":154,"column":36}},"56":{"start":{"line":157,"column":22},"end":{"line":157,"column":80}},"57":{"start":{"line":158,"column":4},"end":{"line":161,"column":6}},"58":{"start":{"line":164,"column":28},"end":{"line":181,"column":1}},"59":{"start":{"line":166,"column":48},"end":{"line":166,"column":60}},"60":{"start":{"line":167,"column":4},"end":{"line":171,"column":5}},"61":{"start":{"line":168,"column":8},"end":{"line":170,"column":11}},"62":{"start":{"line":172,"column":4},"end":{"line":180,"column":5}},"63":{"start":{"line":173,"column":8},"end":{"line":179,"column":11}}},"fnMap":{"0":{"name":"(anonymous_0)","decl":{"start":{"line":16,"column":27},"end":{"line":16,"column":28}},"loc":{"start":{"line":16,"column":77},"end":{"line":35,"column":1}},"line":16},"1":{"name":"(anonymous_1)","decl":{"start":{"line":37,"column":15},"end":{"line":37,"column":16}},"loc":{"start":{"line":37,"column":64},"end":{"line":48,"column":1}},"line":37},"2":{"name":"(anonymous_2)","decl":{"start":{"line":50,"column":14},"end":{"line":50,"column":15}},"loc":{"start":{"line":50,"column":63},"end":{"line":70,"column":1}},"line":50},"3":{"name":"(anonymous_3)","decl":{"start":{"line":74,"column":29},"end":{"line":74,"column":30}},"loc":{"start":{"line":74,"column":57},"end":{"line":85,"column":1}},"line":74},"4":{"name":"(anonymous_4)","decl":{"start":{"line":87,"column":30},"end":{"line":87,"column":31}},"loc":{"start":{"line":87,"column":129},"end":{"line":116,"column":1}},"line":87},"5":{"name":"(anonymous_5)","decl":{"start":{"line":120,"column":27},"end":{"line":120,"column":28}},"loc":{"start":{"line":120,"column":105},"end":{"line":162,"column":1}},"line":120},"6":{"name":"(anonymous_6)","decl":{"start":{"line":164,"column":28},"end":{"line":164,"column":29}},"loc":{"start":{"line":164,"column":85},"end":{"line":181,"column":1}},"line":164}},"branchMap":{"0":{"loc":{"start":{"line":19,"column":8},"end":{"line":20,"column":94}},"type":"if","locations":[{"start":{"line":19,"column":8},"end":{"line":20,"column":94}},{"start":{},"end":{}}],"line":19},"1":{"loc":{"start":{"line":27,"column":8},"end":{"line":33,"column":9}},"type":"if","locations":[{"start":{"line":27,"column":8},"end":{"line":33,"column":9}},{"start":{"line":29,"column":15},"end":{"line":33,"column":9}}],"line":27},"2":{"loc":{"start":{"line":29,"column":15},"end":{"line":33,"column":9}},"type":"if","locations":[{"start":{"line":29,"column":15},"end":{"line":33,"column":9}},{"start":{"line":31,"column":15},"end":{"line":33,"column":9}}],"line":29},"3":{"loc":{"start":{"line":31,"column":15},"end":{"line":33,"column":9}},"type":"if","locations":[{"start":{"line":31,"column":15},"end":{"line":33,"column":9}},{"start":{},"end":{}}],"line":31},"4":{"loc":{"start":{"line":43,"column":4},"end":{"line":44,"column":57}},"type":"if","locations":[{"start":{"line":43,"column":4},"end":{"line":44,"column":57}},{"start":{},"end":{}}],"line":43},"5":{"loc":{"start":{"line":56,"column":4},"end":{"line":67,"column":5}},"type":"if","locations":[{"start":{"line":56,"column":4},"end":{"line":67,"column":5}},{"start":{},"end":{}}],"line":56},"6":{"loc":{"start":{"line":57,"column":8},"end":{"line":66,"column":9}},"type":"if","locations":[{"start":{"line":57,"column":8},"end":{"line":66,"column":9}},{"start":{},"end":{}}],"line":57},"7":{"loc":{"start":{"line":75,"column":4},"end":{"line":76,"column":44}},"type":"if","locations":[{"start":{"line":75,"column":4},"end":{"line":76,"column":44}},{"start":{},"end":{}}],"line":75},"8":{"loc":{"start":{"line":104,"column":4},"end":{"line":113,"column":5}},"type":"if","locations":[{"start":{"line":104,"column":4},"end":{"line":113,"column":5}},{"start":{},"end":{}}],"line":104},"9":{"loc":{"start":{"line":139,"column":4},"end":{"line":140,"column":38}},"type":"if","locations":[{"start":{"line":139,"column":4},"end":{"line":140,"column":38}},{"start":{},"end":{}}],"line":139},"10":{"loc":{"start":{"line":146,"column":4},"end":{"line":149,"column":5}},"type":"if","locations":[{"start":{"line":146,"column":4},"end":{"line":149,"column":5}},{"start":{},"end":{}}],"line":146},"11":{"loc":{"start":{"line":153,"column":4},"end":{"line":155,"column":5}},"type":"if","locations":[{"start":{"line":153,"column":4},"end":{"line":155,"column":5}},{"start":{},"end":{}}],"line":153},"12":{"loc":{"start":{"line":172,"column":4},"end":{"line":180,"column":5}},"type":"if","locations":[{"start":{"line":172,"column":4},"end":{"line":180,"column":5}},{"start":{},"end":{}}],"line":172}},"s":{"0":1,"1":0,"2":0,"3":0,"4":0,"5":0,"6":0,"7":0,"8":0,"9":0,"10":0,"11":0,"12":0,"13":0,"14":1,"15":0,"16":0,"17":0,"18":0,"19":0,"20":0,"21":1,"22":6,"23":6,"24":6,"25":6,"26":6,"27":6,"28":6,"29":6,"30":0,"31":1,"32":6,"33":0,"34":6,"35":6,"36":1,"37":6,"38":6,"39":6,"40":6,"41":6,"42":6,"43":0,"44":6,"45":1,"46":0,"47":0,"48":0,"49":0,"50":0,"51":0,"52":0,"53":0,"54":0,"55":0,"56":0,"57":0,"58":1,"59":0,"60":0,"61":0,"62":0,"63":0},"f":{"0":0,"1":0,"2":6,"3":6,"4":6,"5":0,"6":0},"b":{"0":[0,0],"1":[0,0],"2":[0,0],"3":[0,0],"4":[0,0],"5":[6,0],"6":[6,0],"7":[0,6],"8":[0,6],"9":[0,0],"10":[0,0],"11":[0,0],"12":[0,0]},"_coverageSchema":"1a1c01bbd47fc00a2c39e90264f33305004495a9","hash":"fc6b10d5612768ed76a53dbc0cf167e483462c33"}
,"/home/christian/Projects/church-search/src/controllers/user-controller.ts": {"path":"/home/christian/Projects/church-search/src/controllers/user-controller.ts","statementMap":{"0":{"start":{"line":13,"column":16},"end":{"line":29,"column":1}},"1":{"start":{"line":14,"column":17},"end":{"line":22,"column":6}},"2":{"start":{"line":24,"column":4},"end":{"line":28,"column":5}},"3":{"start":{"line":25,"column":8},"end":{"line":25,"column":42}},"4":{"start":{"line":27,"column":8},"end":{"line":27,"column":81}},"5":{"start":{"line":35,"column":24},"end":{"line":68,"column":1}},"6":{"start":{"line":37,"column":4},"end":{"line":45,"column":5}},"7":{"start":{"line":43,"column":8},"end":{"line":43,"column":93}},"8":{"start":{"line":44,"column":8},"end":{"line":44,"column":15}},"9":{"start":{"line":47,"column":23},"end":{"line":47,"column":44}},"10":{"start":{"line":50,"column":17},"end":{"line":64,"column":6}},"11":{"start":{"line":67,"column":4},"end":{"line":67,"column":35}},"12":{"start":{"line":74,"column":25},"end":{"line":136,"column":1}},"13":{"start":{"line":76,"column":4},"end":{"line":86,"column":5}},"14":{"start":{"line":84,"column":8},"end":{"line":84,"column":93}},"15":{"start":{"line":85,"column":8},"end":{"line":85,"column":15}},"16":{"start":{"line":88,"column":19},"end":{"line":88,"column":34}},"17":{"start":{"line":91,"column":23},"end":{"line":91,"column":44}},"18":{"start":{"line":94,"column":16},"end":{"line":94,"column":53}},"19":{"start":{"line":96,"column":4},"end":{"line":135,"column":5}},"20":{"start":{"line":97,"column":8},"end":{"line":97,"column":62}},"21":{"start":{"line":100,"column":19},"end":{"line":120,"column":10}},"22":{"start":{"line":134,"column":8},"end":{"line":134,"column":39}},"23":{"start":{"line":138,"column":21},"end":{"line":166,"column":1}},"24":{"start":{"line":139,"column":17},"end":{"line":141,"column":6}},"25":{"start":{"line":143,"column":4},"end":{"line":163,"column":5}},"26":{"start":{"line":144,"column":8},"end":{"line":144,"column":57}},"27":{"start":{"line":145,"column":11},"end":{"line":163,"column":5}},"28":{"start":{"line":146,"column":8},"end":{"line":154,"column":10}},"29":{"start":{"line":156,"column":8},"end":{"line":162,"column":11}},"30":{"start":{"line":165,"column":4},"end":{"line":165,"column":63}},"31":{"start":{"line":168,"column":24},"end":{"line":196,"column":1}},"32":{"start":{"line":169,"column":4},"end":{"line":195,"column":7}},"33":{"start":{"line":170,"column":8},"end":{"line":194,"column":46}},"34":{"start":{"line":171,"column":25},"end":{"line":176,"column":14}},"35":{"start":{"line":178,"column":12},"end":{"line":180,"column":13}},"36":{"start":{"line":179,"column":16},"end":{"line":179,"column":68}},"37":{"start":{"line":182,"column":31},"end":{"line":182,"column":52}},"38":{"start":{"line":184,"column":12},"end":{"line":191,"column":15}},"39":{"start":{"line":193,"column":12},"end":{"line":193,"column":74}},"40":{"start":{"line":194,"column":25},"end":{"line":194,"column":44}},"41":{"start":{"line":198,"column":27},"end":{"line":206,"column":1}},"42":{"start":{"line":199,"column":4},"end":{"line":205,"column":7}},"43":{"start":{"line":200,"column":21},"end":{"line":203,"column":10}},"44":{"start":{"line":204,"column":8},"end":{"line":204,"column":57}},"45":{"start":{"line":212,"column":19},"end":{"line":228,"column":1}},"46":{"start":{"line":213,"column":4},"end":{"line":227,"column":7}},"47":{"start":{"line":214,"column":21},"end":{"line":217,"column":10}},"48":{"start":{"line":219,"column":8},"end":{"line":226,"column":9}},"49":{"start":{"line":220,"column":12},"end":{"line":223,"column":52}},"50":{"start":{"line":221,"column":16},"end":{"line":221,"column":56}},"51":{"start":{"line":223,"column":16},"end":{"line":223,"column":52}},"52":{"start":{"line":225,"column":12},"end":{"line":225,"column":82}},"53":{"start":{"line":233,"column":22},"end":{"line":237,"column":1}},"54":{"start":{"line":234,"column":23},"end":{"line":234,"column":25}},"55":{"start":{"line":235,"column":27},"end":{"line":235,"column":66}},"56":{"start":{"line":236,"column":4},"end":{"line":236,"column":26}},"57":{"start":{"line":241,"column":28},"end":{"line":241,"column":46}},"58":{"start":{"line":241,"column":34},"end":{"line":241,"column":46}},"59":{"start":{"line":244,"column":26},"end":{"line":274,"column":1}},"60":{"start":{"line":251,"column":21},"end":{"line":255,"column":5}},"61":{"start":{"line":258,"column":4},"end":{"line":263,"column":7}},"62":{"start":{"line":265,"column":4},"end":{"line":271,"column":7}},"63":{"start":{"line":273,"column":4},"end":{"line":273,"column":36}},"64":{"start":{"line":277,"column":22},"end":{"line":324,"column":1}},"65":{"start":{"line":283,"column":21},"end":{"line":290,"column":5}},"66":{"start":{"line":293,"column":16},"end":{"line":293,"column":55}},"67":{"start":{"line":297,"column":4},"end":{"line":323,"column":5}},"68":{"start":{"line":298,"column":8},"end":{"line":298,"column":50}},"69":{"start":{"line":301,"column":8},"end":{"line":306,"column":11}},"70":{"start":{"line":308,"column":8},"end":{"line":319,"column":11}},"71":{"start":{"line":321,"column":8},"end":{"line":321,"column":40}},"72":{"start":{"line":322,"column":8},"end":{"line":322,"column":15}}},"fnMap":{"0":{"name":"(anonymous_0)","decl":{"start":{"line":13,"column":16},"end":{"line":13,"column":17}},"loc":{"start":{"line":13,"column":66},"end":{"line":29,"column":1}},"line":13},"1":{"name":"(anonymous_1)","decl":{"start":{"line":35,"column":24},"end":{"line":35,"column":25}},"loc":{"start":{"line":35,"column":74},"end":{"line":68,"column":1}},"line":35},"2":{"name":"(anonymous_2)","decl":{"start":{"line":74,"column":25},"end":{"line":74,"column":26}},"loc":{"start":{"line":74,"column":75},"end":{"line":136,"column":1}},"line":74},"3":{"name":"(anonymous_3)","decl":{"start":{"line":138,"column":21},"end":{"line":138,"column":22}},"loc":{"start":{"line":138,"column":71},"end":{"line":166,"column":1}},"line":138},"4":{"name":"(anonymous_4)","decl":{"start":{"line":168,"column":24},"end":{"line":168,"column":25}},"loc":{"start":{"line":168,"column":74},"end":{"line":196,"column":1}},"line":168},"5":{"name":"(anonymous_5)","decl":{"start":{"line":169,"column":35},"end":{"line":169,"column":36}},"loc":{"start":{"line":169,"column":47},"end":{"line":195,"column":5}},"line":169},"6":{"name":"(anonymous_6)","decl":{"start":{"line":198,"column":27},"end":{"line":198,"column":28}},"loc":{"start":{"line":198,"column":76},"end":{"line":206,"column":1}},"line":198},"7":{"name":"(anonymous_7)","decl":{"start":{"line":199,"column":35},"end":{"line":199,"column":36}},"loc":{"start":{"line":199,"column":46},"end":{"line":205,"column":5}},"line":199},"8":{"name":"(anonymous_8)","decl":{"start":{"line":212,"column":19},"end":{"line":212,"column":20}},"loc":{"start":{"line":212,"column":69},"end":{"line":228,"column":1}},"line":212},"9":{"name":"(anonymous_9)","decl":{"start":{"line":213,"column":35},"end":{"line":213,"column":36}},"loc":{"start":{"line":213,"column":47},"end":{"line":227,"column":5}},"line":213},"10":{"name":"(anonymous_10)","decl":{"start":{"line":233,"column":22},"end":{"line":233,"column":23}},"loc":{"start":{"line":233,"column":67},"end":{"line":237,"column":1}},"line":233},"11":{"name":"(anonymous_11)","decl":{"start":{"line":241,"column":28},"end":{"line":241,"column":29}},"loc":{"start":{"line":241,"column":34},"end":{"line":241,"column":46}},"line":241},"12":{"name":"(anonymous_12)","decl":{"start":{"line":244,"column":26},"end":{"line":244,"column":27}},"loc":{"start":{"line":247,"column":5},"end":{"line":274,"column":1}},"line":247},"13":{"name":"(anonymous_13)","decl":{"start":{"line":277,"column":22},"end":{"line":277,"column":23}},"loc":{"start":{"line":280,"column":5},"end":{"line":324,"column":1}},"line":280}},"branchMap":{"0":{"loc":{"start":{"line":24,"column":4},"end":{"line":28,"column":5}},"type":"if","locations":[{"start":{"line":24,"column":4},"end":{"line":28,"column":5}},{"start":{"line":26,"column":11},"end":{"line":28,"column":5}}],"line":24},"1":{"loc":{"start":{"line":37,"column":4},"end":{"line":45,"column":5}},"type":"if","locations":[{"start":{"line":37,"column":4},"end":{"line":45,"column":5}},{"start":{},"end":{}}],"line":37},"2":{"loc":{"start":{"line":76,"column":4},"end":{"line":86,"column":5}},"type":"if","locations":[{"start":{"line":76,"column":4},"end":{"line":86,"column":5}},{"start":{},"end":{}}],"line":76},"3":{"loc":{"start":{"line":96,"column":4},"end":{"line":135,"column":5}},"type":"if","locations":[{"start":{"line":96,"column":4},"end":{"line":135,"column":5}},{"start":{"line":98,"column":11},"end":{"line":135,"column":5}}],"line":96},"4":{"loc":{"start":{"line":143,"column":4},"end":{"line":163,"column":5}},"type":"if","locations":[{"start":{"line":143,"column":4},"end":{"line":163,"column":5}},{"start":{"line":145,"column":11},"end":{"line":163,"column":5}}],"line":143},"5":{"loc":{"start":{"line":145,"column":11},"end":{"line":163,"column":5}},"type":"if","locations":[{"start":{"line":145,"column":11},"end":{"line":163,"column":5}},{"start":{"line":155,"column":11},"end":{"line":163,"column":5}}],"line":145},"6":{"loc":{"start":{"line":178,"column":12},"end":{"line":180,"column":13}},"type":"if","locations":[{"start":{"line":178,"column":12},"end":{"line":180,"column":13}},{"start":{},"end":{}}],"line":178},"7":{"loc":{"start":{"line":219,"column":8},"end":{"line":226,"column":9}},"type":"if","locations":[{"start":{"line":219,"column":8},"end":{"line":226,"column":9}},{"start":{"line":224,"column":15},"end":{"line":226,"column":9}}],"line":219},"8":{"loc":{"start":{"line":220,"column":12},"end":{"line":223,"column":52}},"type":"if","locations":[{"start":{"line":220,"column":12},"end":{"line":223,"column":52}},{"start":{"line":223,"column":16},"end":{"line":223,"column":52}}],"line":220},"9":{"loc":{"start":{"line":252,"column":17},"end":{"line":252,"column":50}},"type":"binary-expr","locations":[{"start":{"line":252,"column":17},"end":{"line":252,"column":33}},{"start":{"line":252,"column":37},"end":{"line":252,"column":50}}],"line":252},"10":{"loc":{"start":{"line":253,"column":19},"end":{"line":253,"column":63}},"type":"binary-expr","locations":[{"start":{"line":253,"column":19},"end":{"line":253,"column":37}},{"start":{"line":253,"column":41},"end":{"line":253,"column":63}}],"line":253},"11":{"loc":{"start":{"line":254,"column":18},"end":{"line":254,"column":60}},"type":"binary-expr","locations":[{"start":{"line":254,"column":18},"end":{"line":254,"column":35}},{"start":{"line":254,"column":39},"end":{"line":254,"column":60}}],"line":254},"12":{"loc":{"start":{"line":284,"column":17},"end":{"line":284,"column":50}},"type":"binary-expr","locations":[{"start":{"line":284,"column":17},"end":{"line":284,"column":33}},{"start":{"line":284,"column":37},"end":{"line":284,"column":50}}],"line":284},"13":{"loc":{"start":{"line":285,"column":14},"end":{"line":285,"column":49}},"type":"binary-expr","locations":[{"start":{"line":285,"column":14},"end":{"line":285,"column":27}},{"start":{"line":285,"column":31},"end":{"line":285,"column":49}}],"line":285},"14":{"loc":{"start":{"line":286,"column":17},"end":{"line":286,"column":57}},"type":"binary-expr","locations":[{"start":{"line":286,"column":17},"end":{"line":286,"column":33}},{"start":{"line":286,"column":36},"end":{"line":286,"column":57}}],"line":286},"15":{"loc":{"start":{"line":287,"column":14},"end":{"line":287,"column":49}},"type":"binary-expr","locations":[{"start":{"line":287,"column":14},"end":{"line":287,"column":27}},{"start":{"line":287,"column":31},"end":{"line":287,"column":49}}],"line":287},"16":{"loc":{"start":{"line":288,"column":15},"end":{"line":288,"column":52}},"type":"binary-expr","locations":[{"start":{"line":288,"column":15},"end":{"line":288,"column":29}},{"start":{"line":288,"column":33},"end":{"line":288,"column":52}}],"line":288},"17":{"loc":{"start":{"line":289,"column":17},"end":{"line":289,"column":58}},"type":"binary-expr","locations":[{"start":{"line":289,"column":17},"end":{"line":289,"column":33}},{"start":{"line":289,"column":37},"end":{"line":289,"column":58}}],"line":289},"18":{"loc":{"start":{"line":297,"column":4},"end":{"line":323,"column":5}},"type":"if","locations":[{"start":{"line":297,"column":4},"end":{"line":323,"column":5}},{"start":{"line":299,"column":11},"end":{"line":323,"column":5}}],"line":297}},"s":{"0":1,"1":2,"2":2,"3":1,"4":1,"5":1,"6":3,"7":2,"8":2,"9":1,"10":1,"11":1,"12":1,"13":4,"14":2,"15":2,"16":2,"17":2,"18":2,"19":2,"20":1,"21":1,"22":1,"23":1,"24":1,"25":1,"26":0,"27":1,"28":1,"29":0,"30":1,"31":1,"32":5,"33":5,"34":5,"35":5,"36":1,"37":4,"38":4,"39":4,"40":0,"41":1,"42":1,"43":1,"44":1,"45":1,"46":3,"47":3,"48":3,"49":3,"50":1,"51":2,"52":0,"53":1,"54":3,"55":3,"56":3,"57":1,"58":7,"59":1,"60":1,"61":1,"62":1,"63":1,"64":1,"65":2,"66":2,"67":2,"68":1,"69":1,"70":1,"71":1,"72":1},"f":{"0":2,"1":3,"2":4,"3":1,"4":5,"5":5,"6":1,"7":1,"8":3,"9":3,"10":3,"11":7,"12":1,"13":2},"b":{"0":[1,1],"1":[2,1],"2":[2,2],"3":[1,1],"4":[0,1],"5":[1,0],"6":[1,4],"7":[3,0],"8":[1,2],"9":[1,0],"10":[1,0],"11":[1,1],"12":[2,1],"13":[2,1],"14":[2,1],"15":[2,1],"16":[2,1],"17":[2,1],"18":[1,1]},"_coverageSchema":"1a1c01bbd47fc00a2c39e90264f33305004495a9","hash":"82a74094a7d73e8373640fe3fa97c4eaf1e3d416"}
,"/home/christian/Projects/church-search/src/middleware/errors.ts": {"path":"/home/christian/Projects/church-search/src/middleware/errors.ts","statementMap":{"0":{"start":{"line":4,"column":21},"end":{"line":16,"column":1}},"1":{"start":{"line":5,"column":4},"end":{"line":15,"column":5}},"2":{"start":{"line":10,"column":12},"end":{"line":10,"column":91}},"3":{"start":{"line":11,"column":12},"end":{"line":11,"column":76}},"4":{"start":{"line":13,"column":8},"end":{"line":13,"column":79}},"5":{"start":{"line":14,"column":8},"end":{"line":14,"column":78}}},"fnMap":{"0":{"name":"(anonymous_0)","decl":{"start":{"line":4,"column":21},"end":{"line":4,"column":22}},"loc":{"start":{"line":4,"column":79},"end":{"line":16,"column":1}},"line":4}},"branchMap":{"0":{"loc":{"start":{"line":5,"column":4},"end":{"line":15,"column":5}},"type":"if","locations":[{"start":{"line":5,"column":4},"end":{"line":15,"column":5}},{"start":{"line":12,"column":11},"end":{"line":15,"column":5}}],"line":5},"1":{"loc":{"start":{"line":5,"column":7},"end":{"line":9,"column":51}},"type":"binary-expr","locations":[{"start":{"line":5,"column":7},"end":{"line":5,"column":53}},{"start":{"line":6,"column":7},"end":{"line":6,"column":55}},{"start":{"line":7,"column":7},"end":{"line":7,"column":50}},{"start":{"line":8,"column":7},"end":{"line":8,"column":55}},{"start":{"line":9,"column":7},"end":{"line":9,"column":51}}],"line":5}},"s":{"0":1,"1":0,"2":0,"3":0,"4":0,"5":0},"f":{"0":0},"b":{"0":[0,0],"1":[0,0,0,0,0]},"_coverageSchema":"1a1c01bbd47fc00a2c39e90264f33305004495a9","hash":"ad556213c03c82302f9b754167060bbac237c8b5"}
,"/home/christian/Projects/church-search/src/routes/auth-router.ts": {"path":"/home/christian/Projects/church-search/src/routes/auth-router.ts","statementMap":{"0":{"start":{"line":7,"column":19},"end":{"line":7,"column":35}},"1":{"start":{"line":10,"column":0},"end":{"line":16,"column":2}},"2":{"start":{"line":13,"column":8},"end":{"line":14,"column":37}},"3":{"start":{"line":13,"column":14},"end":{"line":13,"column":56}},"4":{"start":{"line":14,"column":23},"end":{"line":14,"column":35}},"5":{"start":{"line":19,"column":0},"end":{"line":24,"column":2}},"6":{"start":{"line":21,"column":8},"end":{"line":22,"column":37}},"7":{"start":{"line":21,"column":14},"end":{"line":21,"column":58}},"8":{"start":{"line":22,"column":23},"end":{"line":22,"column":35}},"9":{"start":{"line":28,"column":0},"end":{"line":33,"column":2}},"10":{"start":{"line":30,"column":8},"end":{"line":31,"column":37}},"11":{"start":{"line":30,"column":14},"end":{"line":30,"column":70}},"12":{"start":{"line":31,"column":23},"end":{"line":31,"column":35}}},"fnMap":{"0":{"name":"(anonymous_0)","decl":{"start":{"line":12,"column":4},"end":{"line":12,"column":5}},"loc":{"start":{"line":12,"column":53},"end":{"line":15,"column":5}},"line":12},"1":{"name":"(anonymous_1)","decl":{"start":{"line":20,"column":4},"end":{"line":20,"column":5}},"loc":{"start":{"line":20,"column":49},"end":{"line":23,"column":5}},"line":20},"2":{"name":"(anonymous_2)","decl":{"start":{"line":29,"column":4},"end":{"line":29,"column":5}},"loc":{"start":{"line":29,"column":54},"end":{"line":32,"column":5}},"line":29}},"branchMap":{},"s":{"0":1,"1":1,"2":6,"3":6,"4":0,"5":1,"6":0,"7":0,"8":0,"9":1,"10":0,"11":0,"12":0},"f":{"0":6,"1":0,"2":0},"b":{},"_coverageSchema":"1a1c01bbd47fc00a2c39e90264f33305004495a9","hash":"948c76ed05c723c40f9e937b524b918482bb7396"}
,"/home/christian/Projects/church-search/src/routes/user-router.ts": {"path":"/home/christian/Projects/church-search/src/routes/user-router.ts","statementMap":{"0":{"start":{"line":9,"column":19},"end":{"line":9,"column":35}},"1":{"start":{"line":12,"column":0},"end":{"line":18,"column":2}},"2":{"start":{"line":15,"column":8},"end":{"line":16,"column":37}},"3":{"start":{"line":15,"column":14},"end":{"line":15,"column":59}},"4":{"start":{"line":16,"column":23},"end":{"line":16,"column":35}},"5":{"start":{"line":21,"column":0},"end":{"line":27,"column":2}},"6":{"start":{"line":24,"column":8},"end":{"line":25,"column":37}},"7":{"start":{"line":24,"column":14},"end":{"line":24,"column":67}},"8":{"start":{"line":25,"column":23},"end":{"line":25,"column":35}},"9":{"start":{"line":30,"column":0},"end":{"line":35,"column":2}},"10":{"start":{"line":32,"column":8},"end":{"line":33,"column":37}},"11":{"start":{"line":32,"column":14},"end":{"line":32,"column":64}},"12":{"start":{"line":33,"column":23},"end":{"line":33,"column":35}},"13":{"start":{"line":38,"column":0},"end":{"line":44,"column":2}},"14":{"start":{"line":41,"column":8},"end":{"line":42,"column":37}},"15":{"start":{"line":41,"column":14},"end":{"line":41,"column":68}},"16":{"start":{"line":42,"column":23},"end":{"line":42,"column":35}},"17":{"start":{"line":47,"column":0},"end":{"line":52,"column":2}},"18":{"start":{"line":49,"column":8},"end":{"line":50,"column":37}},"19":{"start":{"line":49,"column":14},"end":{"line":49,"column":62}},"20":{"start":{"line":50,"column":23},"end":{"line":50,"column":35}},"21":{"start":{"line":55,"column":0},"end":{"line":61,"column":2}},"22":{"start":{"line":58,"column":8},"end":{"line":59,"column":37}},"23":{"start":{"line":58,"column":14},"end":{"line":58,"column":67}},"24":{"start":{"line":59,"column":23},"end":{"line":59,"column":35}},"25":{"start":{"line":63,"column":0},"end":{"line":69,"column":2}},"26":{"start":{"line":66,"column":8},"end":{"line":67,"column":37}},"27":{"start":{"line":66,"column":14},"end":{"line":66,"column":70}},"28":{"start":{"line":67,"column":23},"end":{"line":67,"column":35}}},"fnMap":{"0":{"name":"(anonymous_0)","decl":{"start":{"line":14,"column":4},"end":{"line":14,"column":5}},"loc":{"start":{"line":14,"column":54},"end":{"line":17,"column":5}},"line":14},"1":{"name":"(anonymous_1)","decl":{"start":{"line":23,"column":4},"end":{"line":23,"column":5}},"loc":{"start":{"line":23,"column":54},"end":{"line":26,"column":5}},"line":23},"2":{"name":"(anonymous_2)","decl":{"start":{"line":31,"column":4},"end":{"line":31,"column":5}},"loc":{"start":{"line":31,"column":49},"end":{"line":34,"column":5}},"line":31},"3":{"name":"(anonymous_3)","decl":{"start":{"line":40,"column":4},"end":{"line":40,"column":5}},"loc":{"start":{"line":40,"column":54},"end":{"line":43,"column":5}},"line":40},"4":{"name":"(anonymous_4)","decl":{"start":{"line":48,"column":4},"end":{"line":48,"column":5}},"loc":{"start":{"line":48,"column":49},"end":{"line":51,"column":5}},"line":48},"5":{"name":"(anonymous_5)","decl":{"start":{"line":57,"column":4},"end":{"line":57,"column":5}},"loc":{"start":{"line":57,"column":53},"end":{"line":60,"column":5}},"line":57},"6":{"name":"(anonymous_6)","decl":{"start":{"line":65,"column":4},"end":{"line":65,"column":5}},"loc":{"start":{"line":65,"column":53},"end":{"line":68,"column":5}},"line":65}},"branchMap":{},"s":{"0":1,"1":1,"2":2,"3":2,"4":0,"5":1,"6":3,"7":3,"8":0,"9":1,"10":1,"11":1,"12":0,"13":1,"14":4,"15":4,"16":0,"17":1,"18":3,"19":3,"20":0,"21":1,"22":5,"23":5,"24":0,"25":1,"26":1,"27":1,"28":0},"f":{"0":2,"1":3,"2":1,"3":4,"4":3,"5":5,"6":1},"b":{},"_coverageSchema":"1a1c01bbd47fc00a2c39e90264f33305004495a9","hash":"92010263cffe4cc642a92bd336b4aa6675ded669"}
,"/home/christian/Projects/church-search/src/services/geocode.ts": {"path":"/home/christian/Projects/church-search/src/services/geocode.ts","statementMap":{"0":{"start":{"line":4,"column":19},"end":{"line":4,"column":33}},"1":{"start":{"line":18,"column":27},"end":{"line":37,"column":1}},"2":{"start":{"line":20,"column":4},"end":{"line":21,"column":49}},"3":{"start":{"line":21,"column":8},"end":{"line":21,"column":49}},"4":{"start":{"line":23,"column":19},"end":{"line":28,"column":6}},"5":{"start":{"line":30,"column":4},"end":{"line":31,"column":20}},"6":{"start":{"line":31,"column":8},"end":{"line":31,"column":20}},"7":{"start":{"line":32,"column":4},"end":{"line":33,"column":36}},"8":{"start":{"line":33,"column":8},"end":{"line":33,"column":36}},"9":{"start":{"line":35,"column":16},"end":{"line":35,"column":56}},"10":{"start":{"line":36,"column":4},"end":{"line":36,"column":15}}},"fnMap":{"0":{"name":"(anonymous_0)","decl":{"start":{"line":18,"column":27},"end":{"line":18,"column":28}},"loc":{"start":{"line":18,"column":96},"end":{"line":37,"column":1}},"line":18}},"branchMap":{"0":{"loc":{"start":{"line":20,"column":4},"end":{"line":21,"column":49}},"type":"if","locations":[{"start":{"line":20,"column":4},"end":{"line":21,"column":49}},{"start":{},"end":{}}],"line":20},"1":{"loc":{"start":{"line":30,"column":4},"end":{"line":31,"column":20}},"type":"if","locations":[{"start":{"line":30,"column":4},"end":{"line":31,"column":20}},{"start":{},"end":{}}],"line":30},"2":{"loc":{"start":{"line":32,"column":4},"end":{"line":33,"column":36}},"type":"if","locations":[{"start":{"line":32,"column":4},"end":{"line":33,"column":36}},{"start":{},"end":{}}],"line":32}},"s":{"0":1,"1":1,"2":4,"3":0,"4":4,"5":4,"6":2,"7":2,"8":0,"9":2,"10":2},"f":{"0":4},"b":{"0":[0,4],"1":[2,2],"2":[0,2]},"_coverageSchema":"1a1c01bbd47fc00a2c39e90264f33305004495a9","hash":"cab5fea96fd468cb4028bbf9088783008e3fa10d"}
,"/home/christian/Projects/church-search/src/validation/user-validator.ts": {"path":"/home/christian/Projects/church-search/src/validation/user-validator.ts","statementMap":{"0":{"start":{"line":8,"column":4},"end":{"line":10,"column":6}},"1":{"start":{"line":18,"column":4},"end":{"line":20,"column":6}},"2":{"start":{"line":24,"column":4},"end":{"line":24,"column":51}},"3":{"start":{"line":32,"column":4},"end":{"line":67,"column":7}},"4":{"start":{"line":75,"column":4},"end":{"line":98,"column":7}}},"fnMap":{"0":{"name":"validateGetUser","decl":{"start":{"line":7,"column":9},"end":{"line":7,"column":24}},"loc":{"start":{"line":7,"column":27},"end":{"line":11,"column":1}},"line":7},"1":{"name":"validateUpdateEmail","decl":{"start":{"line":17,"column":9},"end":{"line":17,"column":28}},"loc":{"start":{"line":17,"column":31},"end":{"line":21,"column":1}},"line":17},"2":{"name":"validateUpdatePassword","decl":{"start":{"line":23,"column":9},"end":{"line":23,"column":31}},"loc":{"start":{"line":23,"column":34},"end":{"line":25,"column":1}},"line":23},"3":{"name":"validateRegisterChurch","decl":{"start":{"line":31,"column":9},"end":{"line":31,"column":31}},"loc":{"start":{"line":31,"column":34},"end":{"line":68,"column":1}},"line":31},"4":{"name":"validateRegisterIndividual","decl":{"start":{"line":74,"column":9},"end":{"line":74,"column":35}},"loc":{"start":{"line":74,"column":38},"end":{"line":99,"column":1}},"line":74}},"branchMap":{},"s":{"0":1,"1":1,"2":1,"3":1,"4":1},"f":{"0":1,"1":1,"2":1,"3":1,"4":1},"b":{},"_coverageSchema":"1a1c01bbd47fc00a2c39e90264f33305004495a9","hash":"bab13d601ba833c6dae3dd8f839bb062ce40ef8c"}
}
