TN:
SF:src/app.ts
FN:32,(anonymous_0)
FNF:1
FNH:0
FNDA:0,(anonymous_0)
DA:12,1
DA:14,1
DA:17,1
DA:18,1
DA:19,1
DA:20,1
DA:21,1
DA:24,1
DA:25,1
DA:26,1
DA:29,1
DA:32,1
DA:33,0
LF:13
LH:12
BRF:0
BRH:0
end_of_record
TN:
SF:src/client.ts
FNF:0
FNH:0
DA:2,1
LF:1
LH:1
BRF:0
BRH:0
end_of_record
TN:
SF:src/controllers/auth-controller.ts
FN:16,(anonymous_0)
FN:37,(anonymous_1)
FN:50,(anonymous_2)
FN:74,(anonymous_3)
FN:87,(anonymous_4)
FN:120,(anonymous_5)
FN:164,(anonymous_6)
FNF:7
FNH:3
FNDA:0,(anonymous_0)
FNDA:0,(anonymous_1)
FNDA:6,(anonymous_2)
FNDA:6,(anonymous_3)
FNDA:6,(anonymous_4)
FNDA:0,(anonymous_5)
FNDA:0,(anonymous_6)
DA:16,1
DA:17,0
DA:18,0
DA:19,0
DA:20,0
DA:22,0
DA:23,0
DA:25,0
DA:27,0
DA:28,0
DA:29,0
DA:30,0
DA:31,0
DA:32,0
DA:37,1
DA:38,0
DA:39,0
DA:43,0
DA:44,0
DA:46,0
DA:47,0
DA:50,1
DA:51,6
DA:52,6
DA:56,6
DA:57,6
DA:58,6
DA:63,6
DA:64,6
DA:65,6
DA:69,0
DA:74,1
DA:75,6
DA:76,0
DA:78,6
DA:84,6
DA:87,1
DA:89,6
DA:90,6
DA:92,6
DA:93,6
DA:95,6
DA:104,6
DA:105,0
DA:115,6
DA:120,1
DA:121,0
DA:124,0
DA:139,0
DA:140,0
DA:142,0
DA:146,0
DA:147,0
DA:148,0
DA:153,0
DA:154,0
DA:157,0
DA:158,0
DA:164,1
DA:166,0
DA:167,0
DA:168,0
DA:172,0
DA:173,0
LF:64
LH:25
BRDA:19,0,0,0
BRDA:19,0,1,0
BRDA:27,1,0,0
BRDA:27,1,1,0
BRDA:29,2,0,0
BRDA:29,2,1,0
BRDA:31,3,0,0
BRDA:31,3,1,0
BRDA:43,4,0,0
BRDA:43,4,1,0
BRDA:56,5,0,6
BRDA:56,5,1,0
BRDA:57,6,0,6
BRDA:57,6,1,0
BRDA:75,7,0,0
BRDA:75,7,1,6
BRDA:104,8,0,0
BRDA:104,8,1,6
BRDA:139,9,0,0
BRDA:139,9,1,0
BRDA:146,10,0,0
BRDA:146,10,1,0
BRDA:153,11,0,0
BRDA:153,11,1,0
BRDA:172,12,0,0
BRDA:172,12,1,0
BRF:26
BRH:4
end_of_record
TN:
SF:src/controllers/user-controller.ts
FN:13,(anonymous_0)
FN:35,(anonymous_1)
FN:74,(anonymous_2)
FN:138,(anonymous_3)
FN:168,(anonymous_4)
FN:169,(anonymous_5)
FN:198,(anonymous_6)
FN:199,(anonymous_7)
FN:212,(anonymous_8)
FN:213,(anonymous_9)
FN:233,(anonymous_10)
FN:241,(anonymous_11)
FN:244,(anonymous_12)
FN:277,(anonymous_13)
FNF:14
FNH:14
FNDA:2,(anonymous_0)
FNDA:3,(anonymous_1)
FNDA:4,(anonymous_2)
FNDA:1,(anonymous_3)
FNDA:5,(anonymous_4)
FNDA:5,(anonymous_5)
FNDA:1,(anonymous_6)
FNDA:1,(anonymous_7)
FNDA:3,(anonymous_8)
FNDA:3,(anonymous_9)
FNDA:3,(anonymous_10)
FNDA:7,(anonymous_11)
FNDA:1,(anonymous_12)
FNDA:2,(anonymous_13)
DA:13,1
DA:14,2
DA:24,2
DA:25,1
DA:27,1
DA:35,1
DA:37,3
DA:43,2
DA:44,2
DA:47,1
DA:50,1
DA:67,1
DA:74,1
DA:76,4
DA:84,2
DA:85,2
DA:88,2
DA:91,2
DA:94,2
DA:96,2
DA:97,1
DA:100,1
DA:134,1
DA:138,1
DA:139,1
DA:143,1
DA:144,0
DA:145,1
DA:146,1
DA:156,0
DA:165,1
DA:168,1
DA:169,5
DA:170,5
DA:171,5
DA:178,5
DA:179,1
DA:182,4
DA:184,4
DA:193,4
DA:194,0
DA:198,1
DA:199,1
DA:200,1
DA:204,1
DA:212,1
DA:213,3
DA:214,3
DA:219,3
DA:220,3
DA:221,1
DA:223,2
DA:225,0
DA:233,1
DA:234,3
DA:235,3
DA:236,3
DA:241,7
DA:244,1
DA:251,1
DA:258,1
DA:265,1
DA:273,1
DA:277,1
DA:283,2
DA:293,2
DA:297,2
DA:298,1
DA:301,1
DA:308,1
DA:321,1
DA:322,1
LF:72
LH:68
BRDA:24,0,0,1
BRDA:24,0,1,1
BRDA:37,1,0,2
BRDA:37,1,1,1
BRDA:76,2,0,2
BRDA:76,2,1,2
BRDA:96,3,0,1
BRDA:96,3,1,1
BRDA:143,4,0,0
BRDA:143,4,1,1
BRDA:145,5,0,1
BRDA:145,5,1,0
BRDA:178,6,0,1
BRDA:178,6,1,4
BRDA:219,7,0,3
BRDA:219,7,1,0
BRDA:220,8,0,1
BRDA:220,8,1,2
BRDA:252,9,0,1
BRDA:252,9,1,0
BRDA:253,10,0,1
BRDA:253,10,1,0
BRDA:254,11,0,1
BRDA:254,11,1,1
BRDA:284,12,0,2
BRDA:284,12,1,1
BRDA:285,13,0,2
BRDA:285,13,1,1
BRDA:286,14,0,2
BRDA:286,14,1,1
BRDA:287,15,0,2
BRDA:287,15,1,1
BRDA:288,16,0,2
BRDA:288,16,1,1
BRDA:289,17,0,2
BRDA:289,17,1,1
BRDA:297,18,0,1
BRDA:297,18,1,1
BRF:38
BRH:33
end_of_record
TN:
SF:src/middleware/errors.ts
FN:4,(anonymous_0)
FNF:1
FNH:0
FNDA:0,(anonymous_0)
DA:4,1
DA:5,0
DA:10,0
DA:11,0
DA:13,0
DA:14,0
LF:6
LH:1
BRDA:5,0,0,0
BRDA:5,0,1,0
BRDA:5,1,0,0
BRDA:5,1,1,0
BRDA:5,1,2,0
BRDA:5,1,3,0
BRDA:5,1,4,0
BRF:7
BRH:0
end_of_record
TN:
SF:src/routes/auth-router.ts
FN:12,(anonymous_0)
FN:20,(anonymous_1)
FN:29,(anonymous_2)
FNF:3
FNH:1
FNDA:6,(anonymous_0)
FNDA:0,(anonymous_1)
FNDA:0,(anonymous_2)
DA:7,1
DA:10,1
DA:13,6
DA:14,0
DA:19,1
DA:21,0
DA:22,0
DA:28,1
DA:30,0
DA:31,0
LF:10
LH:5
BRF:0
BRH:0
end_of_record
TN:
SF:src/routes/user-router.ts
FN:14,(anonymous_0)
FN:23,(anonymous_1)
FN:31,(anonymous_2)
FN:40,(anonymous_3)
FN:48,(anonymous_4)
FN:57,(anonymous_5)
FN:65,(anonymous_6)
FNF:7
FNH:7
FNDA:2,(anonymous_0)
FNDA:3,(anonymous_1)
FNDA:1,(anonymous_2)
FNDA:4,(anonymous_3)
FNDA:3,(anonymous_4)
FNDA:5,(anonymous_5)
FNDA:1,(anonymous_6)
DA:9,1
DA:12,1
DA:15,2
DA:16,0
DA:21,1
DA:24,3
DA:25,0
DA:30,1
DA:32,1
DA:33,0
DA:38,1
DA:41,4
DA:42,0
DA:47,1
DA:49,3
DA:50,0
DA:55,1
DA:58,5
DA:59,0
DA:63,1
DA:66,1
DA:67,0
LF:22
LH:15
BRF:0
BRH:0
end_of_record
TN:
SF:src/services/geocode.ts
FN:18,(anonymous_0)
FNF:1
FNH:1
FNDA:4,(anonymous_0)
DA:4,1
DA:18,1
DA:20,4
DA:21,0
DA:23,4
DA:30,4
DA:31,2
DA:32,2
DA:33,0
DA:35,2
DA:36,2
LF:11
LH:9
BRDA:20,0,0,0
BRDA:20,0,1,4
BRDA:30,1,0,2
BRDA:30,1,1,2
BRDA:32,2,0,0
BRDA:32,2,1,2
BRF:6
BRH:4
end_of_record
TN:
SF:src/validation/user-validator.ts
FN:7,validateGetUser
FN:17,validateUpdateEmail
FN:23,validateUpdatePassword
FN:31,validateRegisterChurch
FN:74,validateRegisterIndividual
FNF:5
FNH:5
FNDA:1,validateGetUser
FNDA:1,validateUpdateEmail
FNDA:1,validateUpdatePassword
FNDA:1,validateRegisterChurch
FNDA:1,validateRegisterIndividual
DA:8,1
DA:18,1
DA:24,1
DA:32,1
DA:75,1
LF:5
LH:5
BRF:0
BRH:0
end_of_record
